This is pdfTeX, Version 3.14159265-2.6-1.40.20 (TeX Live 2019/Debian) (preloaded format=pdflatex 2020.11.3)  21 JAN 2022 20:31
entering extended mode
 restricted \write18 enabled.
 %&-line parsing enabled.
**exemple_rapport.tex
(./exemple_rapport.tex
LaTeX2e <2020-02-02> patch level 2
L3 programming layer <2020-02-14>
(/usr/share/texlive/texmf-dist/tex/latex/base/article.cls
Document Class: article 2019/12/20 v1.4l Standard LaTeX document class
(/usr/share/texlive/texmf-dist/tex/latex/base/size10.clo
File: size10.clo 2019/12/20 v1.4l Standard LaTeX file (size option)
)
\c@part=\count167
\c@section=\count168
\c@subsection=\count169
\c@subsubsection=\count170
\c@paragraph=\count171
\c@subparagraph=\count172
\c@figure=\count173
\c@table=\count174
\abovecaptionskip=\skip47
\belowcaptionskip=\skip48
\bibindent=\dimen134
)
(/usr/share/texlive/texmf-dist/tex/latex/base/fontenc.sty
Package: fontenc 2020/02/11 v2.0o Standard LaTeX package
)
(/usr/share/texlive/texmf-dist/tex/latex/base/inputenc.sty
Package: inputenc 2018/08/11 v1.3c Input encoding file
\inpenc@prehook=\toks14
\inpenc@posthook=\toks15

(/usr/share/texlive/texmf-dist/tex/latex/base/latin1.def
File: latin1.def 2018/08/11 v1.3c Input encoding file
))
(/usr/share/texlive/texmf-dist/tex/latex/a4wide/a4wide.sty
Package: a4wide 1994/08/30

(/usr/share/texlive/texmf-dist/tex/latex/ntgclass/a4.sty
Package: a4 2004/04/15 v1.2g A4 based page layout
))
(/usr/share/texlive/texmf-dist/tex/latex/graphics/graphicx.sty
Package: graphicx 2019/11/30 v1.2a Enhanced LaTeX Graphics (DPC,SPQR)

(/usr/share/texlive/texmf-dist/tex/latex/graphics/keyval.sty
Package: keyval 2014/10/28 v1.15 key=value parser (DPC)
\KV@toks@=\toks16
)
(/usr/share/texlive/texmf-dist/tex/latex/graphics/graphics.sty
Package: graphics 2019/11/30 v1.4a Standard LaTeX Graphics (DPC,SPQR)

(/usr/share/texlive/texmf-dist/tex/latex/graphics/trig.sty
Package: trig 2016/01/03 v1.10 sin cos tan (DPC)
)
(/usr/share/texlive/texmf-dist/tex/latex/graphics-cfg/graphics.cfg
File: graphics.cfg 2016/06/04 v1.11 sample graphics configuration
)
Package graphics Info: Driver file: pdftex.def on input line 105.

(/usr/share/texlive/texmf-dist/tex/latex/graphics-def/pdftex.def
File: pdftex.def 2018/01/08 v1.0l Graphics/color driver for pdftex
))
\Gin@req@height=\dimen135
\Gin@req@width=\dimen136
)
(/usr/share/texlive/texmf-dist/tex/latex/amsfonts/amssymb.sty
Package: amssymb 2013/01/14 v3.01 AMS font symbols

(/usr/share/texlive/texmf-dist/tex/latex/amsfonts/amsfonts.sty
Package: amsfonts 2013/01/14 v3.01 Basic AMSFonts support
\@emptytoks=\toks17
\symAMSa=\mathgroup4
\symAMSb=\mathgroup5
LaTeX Font Info:    Redeclaring math symbol \hbar on input line 98.
LaTeX Font Info:    Overwriting math alphabet `\mathfrak' in version `bold'
(Font)                  U/euf/m/n --> U/euf/b/n on input line 106.
))
(/usr/share/texlive/texmf-dist/tex/latex/graphics/color.sty
Package: color 2019/11/23 v1.2a Standard LaTeX Color (DPC)

(/usr/share/texlive/texmf-dist/tex/latex/graphics-cfg/color.cfg
File: color.cfg 2016/01/02 v1.6 sample color configuration
)
Package color Info: Driver file: pdftex.def on input line 147.
)
(/usr/share/texlive/texmf-dist/tex/generic/babel/babel.sty
Package: babel 2020/02/14 3.40 The Babel package

(/usr/share/texlive/texmf-dist/tex/generic/babel/switch.def
File: switch.def 2020/02/14 3.40 Babel switching mechanism
)
(/usr/share/texlive/texmf-dist/tex/generic/babel-french/frenchb.ldf
Language: frenchb 2020/01/30 v3.5g French support from the babel system


Package babel-french Warning: Option `frenchb' for Babel is *deprecated*,
(babel-french)                it might be removed sooner or later. Please
(babel-french)                use `french' instead; reported on input line 35.

(/usr/share/texlive/texmf-dist/tex/generic/babel-french/french.ldf
Language: french 2020/01/30 v3.5g French support from the babel system

(/usr/share/texlive/texmf-dist/tex/generic/babel/babel.def
File: babel.def 2020/02/14 3.40 Babel common definitions
\babel@savecnt=\count175
\U@D=\dimen137

(/usr/share/texlive/texmf-dist/tex/generic/babel/txtbabel.def)
\bbl@readstream=\read2
\bbl@dirlevel=\count176
)
Package babel Info: \l@acadian = using hyphenrules for french
(babel)             (\language80) on input line 91.
Package babel Info: \l@canadien = using hyphenrules for french
(babel)             (\language80) on input line 92.
\FB@nonchar=\count177
Package babel Info: Making : an active character on input line 419.
Package babel Info: Making ; an active character on input line 420.
Package babel Info: Making ! an active character on input line 421.
Package babel Info: Making ? an active character on input line 422.
\FBguill@level=\count178
\FBold@everypar=\toks18
\FB@Mht=\dimen138
\mc@charclass=\count179
\mc@charfam=\count180
\mc@charslot=\count181
\std@mcc=\count182
\dec@mcc=\count183
\c@FBcaption@count=\count184
\listindentFB=\dimen139
\descindentFB=\dimen140
\labelindentFB=\dimen141
\labelwidthFB=\dimen142
\leftmarginFB=\dimen143
\parindentFFN=\dimen144
\FBfnindent=\dimen145
)))
(/usr/share/texlive/texmf-dist/tex/latex/carlisle/scalefnt.sty)
(/usr/share/texlive/texmf-dist/tex/latex/caption/caption.sty
Package: caption 2020/01/03 v3.4h Customizing captions (AR)

(/usr/share/texlive/texmf-dist/tex/latex/caption/caption3.sty
Package: caption3 2020/01/03 v1.8h caption3 kernel (AR)
Package caption3 Info: TeX engine: e-TeX on input line 61.
\captionmargin=\dimen146
\captionmargin@=\dimen147
\captionwidth=\dimen148
\caption@tempdima=\dimen149
\caption@indent=\dimen150
\caption@parindent=\dimen151
\caption@hangindent=\dimen152
Package caption Info: Standard document class detected.
)
\c@caption@flags=\count185
\c@continuedfloat=\count186
)
(/usr/share/texlive/texmf-dist/tex/latex/caption/subcaption.sty
Package: subcaption 2020/01/22 v1.3d Sub-captions (AR)
\c@subfigure=\count187
\c@subtable=\count188
)
(/usr/share/texlive/texmf-dist/tex/latex/l3backend/l3backend-pdfmode.def
File: l3backend-pdfmode.def 2020-02-03 L3 backend support: PDF mode
\l__kernel_color_stack_int=\count189
\l__pdf_internal_box=\box45
)
(./exemple_rapport.aux)
\openout1 = `exemple_rapport.aux'.

LaTeX Font Info:    Checking defaults for OML/cmm/m/it on input line 15.
LaTeX Font Info:    ... okay on input line 15.
LaTeX Font Info:    Checking defaults for OMS/cmsy/m/n on input line 15.
LaTeX Font Info:    ... okay on input line 15.
LaTeX Font Info:    Checking defaults for OT1/cmr/m/n on input line 15.
LaTeX Font Info:    ... okay on input line 15.
LaTeX Font Info:    Checking defaults for T1/cmr/m/n on input line 15.
LaTeX Font Info:    ... okay on input line 15.
LaTeX Font Info:    Checking defaults for TS1/cmr/m/n on input line 15.
LaTeX Font Info:    ... okay on input line 15.
LaTeX Font Info:    Checking defaults for OMX/cmex/m/n on input line 15.
LaTeX Font Info:    ... okay on input line 15.
LaTeX Font Info:    Checking defaults for U/cmr/m/n on input line 15.
LaTeX Font Info:    ... okay on input line 15.

(/usr/share/texlive/texmf-dist/tex/context/base/mkii/supp-pdf.mkii
[Loading MPS to PDF converter (version 2006.09.02).]
\scratchcounter=\count190
\scratchdimen=\dimen153
\scratchbox=\box46
\nofMPsegments=\count191
\nofMParguments=\count192
\everyMPshowfont=\toks19
\MPscratchCnt=\count193
\MPscratchDim=\dimen154
\MPnumerator=\count194
\makeMPintoPDFobject=\count195
\everyMPtoPDFconversion=\toks20
) (/usr/share/texlive/texmf-dist/tex/latex/epstopdf-pkg/epstopdf-base.sty
Package: epstopdf-base 2020-01-24 v2.11 Base part for package epstopdf
Package epstopdf-base Info: Redefining graphics rule for `.eps' on input line 4
85.

(/usr/share/texlive/texmf-dist/tex/latex/latexconfig/epstopdf-sys.cfg
File: epstopdf-sys.cfg 2010/07/13 v1.3 Configuration of (r)epstopdf for TeX Liv
e
))
LaTeX Info: Redefining \degres on input line 15.
LaTeX Info: Redefining \dots on input line 15.
LaTeX Info: Redefining \up on input line 15.
Package caption Info: Begin \AtBeginDocument code.
Package caption Info: End \AtBeginDocument code.
<inp_n7.png, id=1, 428.35031pt x 69.25874pt>
File: inp_n7.png Graphic file (type png)
<use inp_n7.png>
Package pdftex.def Info: inp_n7.png  used on input line 19.
(pdftex.def)             Requested size: 142.26378pt x 23.00233pt.
LaTeX Font Info:    Trying to load font information for U+msa on input line 27.


(/usr/share/texlive/texmf-dist/tex/latex/amsfonts/umsa.fd
File: umsa.fd 2013/01/14 v3.01 AMS symbols A
)
LaTeX Font Info:    Trying to load font information for U+msb on input line 27.


(/usr/share/texlive/texmf-dist/tex/latex/amsfonts/umsb.fd
File: umsb.fd 2013/01/14 v3.01 AMS symbols B
) [1

{/var/lib/texmf/fonts/map/pdftex/updmap/pdftex.map} <./inp_n7.png>] (./exemple_
rapport.toc)
\tf@toc=\write3
\openout3 = `exemple_rapport.toc'.


(./exemple_rapport.lof)
\tf@lof=\write4
\openout4 = `exemple_rapport.lof'.

 [2]
<MF_TDMA_recu.png, id=19, 695.59875pt x 248.42813pt>
File: MF_TDMA_recu.png Graphic file (type png)
<use MF_TDMA_recu.png>
Package pdftex.def Info: MF_TDMA_recu.png  used on input line 42.
(pdftex.def)             Requested size: 426.79134pt x 152.42416pt.

Overfull \hbox (2.2051pt too wide) in paragraph at lines 42--43
 [][] 
 []


LaTeX Warning: Command \` invalid in math mode on input line 50.

Missing character: There is no è in font cmr7!

LaTeX Warning: Command \` invalid in math mode on input line 51.

Missing character: There is no è in font cmr7!
[3 <./MF_TDMA_recu.png>] [4]
Underfull \hbox (badness 10000) in paragraph at lines 109--110

 []


Underfull \hbox (badness 10000) in paragraph at lines 112--114

 []


Underfull \hbox (badness 10000) in paragraph at lines 114--116

 []

<m1(t).png, id=36, 421.575pt x 316.18124pt>
File: m1(t).png Graphic file (type png)
<use m1(t).png>
Package pdftex.def Info: m1(t).png  used on input line 121.
(pdftex.def)             Requested size: 254.75108pt x 191.06589pt.

Overfull \hbox (42.45796pt too wide) in paragraph at lines 121--123
 [][] 
 []

<m2(t).png, id=37, 421.575pt x 316.18124pt>
File: m2(t).png Graphic file (type png)
<use m2(t).png>
Package pdftex.def Info: m2(t).png  used on input line 126.
(pdftex.def)             Requested size: 254.75108pt x 191.06589pt.

Overfull \hbox (42.45796pt too wide) in paragraph at lines 126--128
 [][] 
 []

<dspm1.png, id=38, 421.575pt x 316.18124pt>
File: dspm1.png Graphic file (type png)
<use dspm1.png>
Package pdftex.def Info: dspm1.png  used on input line 144.
(pdftex.def)             Requested size: 233.52373pt x 175.14494pt.

Overfull \hbox (21.2306pt too wide) in paragraph at lines 144--146
 [][] 
 []

<dspm2.png, id=39, 421.575pt x 316.18124pt>
File: dspm2.png Graphic file (type png)
<use dspm2.png>
Package pdftex.def Info: dspm2.png  used on input line 149.
(pdftex.def)             Requested size: 233.52373pt x 175.14494pt.

Overfull \hbox (21.2306pt too wide) in paragraph at lines 149--151
 [][] 
 []


Underfull \hbox (badness 10000) in paragraph at lines 132--154

 []


Overfull \hbox (10.37259pt too wide) in paragraph at lines 132--154
\T1/cmr/m/n/10 Les es-ti-ma-tions uti-li-sées sont les sui-vantes : $\OML/cmm/m
/it/10 s[]\OT1/cmr/m/n/10 (\OML/cmm/m/it/10 f\OT1/cmr/m/n/10 ) = \OMS/cmsy/m/n/
10 j\OML/cmm/m/it/10 TF\OT1/cmr/m/n/10 (\OML/cmm/m/it/10 m[]\OT1/cmr/m/n/10 )(\
OML/cmm/m/it/10 f\OT1/cmr/m/n/10 )\OMS/cmsy/m/n/10 j[]$ \T1/cmr/m/n/10 et $\OML
/cmm/m/it/10 s[]\OT1/cmr/m/n/10 (\OML/cmm/m/it/10 f\OT1/cmr/m/n/10 ) = \OMS/cms
y/m/n/10 j\OML/cmm/m/it/10 TF\OT1/cmr/m/n/10 (\OML/cmm/m/it/10 m[]\OT1/cmr/m/n/
10 )(\OML/cmm/m/it/10 f\OT1/cmr/m/n/10 )\OMS/cmsy/m/n/10 j[]$
 []


Underfull \hbox (badness 10000) in paragraph at lines 132--154

 []


Underfull \hbox (badness 10000) in paragraph at lines 132--154

 []


Underfull \hbox (badness 10000) in paragraph at lines 132--154

 []


Underfull \hbox (badness 10000) in paragraph at lines 132--154

 []


Underfull \hbox (badness 10000) in paragraph at lines 132--154

 []


Underfull \hbox (badness 10000) in paragraph at lines 132--154

 []


Underfull \hbox (badness 10000) in paragraph at lines 159--161

 []


Underfull \hbox (badness 10000) in paragraph at lines 159--161

 []

[5 <./m1(t).png (PNG copy)> <./m2(t).png (PNG copy)>]
<sae2.png, id=43, 421.575pt x 316.18124pt>
File: sae2.png Graphic file (type png)
<use sae2.png>
Package pdftex.def Info: sae2.png  used on input line 166.
(pdftex.def)             Requested size: 233.52373pt x 175.14494pt.

Overfull \hbox (21.2306pt too wide) in paragraph at lines 166--168
 [][] 
 []

<sae1.png, id=44, 421.575pt x 316.18124pt>
File: sae1.png Graphic file (type png)
<use sae1.png>
Package pdftex.def Info: sae1.png  used on input line 171.
(pdftex.def)             Requested size: 233.52373pt x 175.14494pt.

Overfull \hbox (21.2306pt too wide) in paragraph at lines 171--173
 [][] 
 []

<MF-TDMA.png, id=45, 421.575pt x 316.18124pt>
File: MF-TDMA.png Graphic file (type png)
<use MF-TDMA.png>
Package pdftex.def Info: MF-TDMA.png  used on input line 180.
(pdftex.def)             Requested size: 298.75394pt x 224.07051pt.

Underfull \hbox (badness 10000) in paragraph at lines 176--184

 []


Underfull \hbox (badness 10000) in paragraph at lines 176--184

 []


Underfull \hbox (badness 10000) in paragraph at lines 184--185

 []

[6 <./dspm1.png (PNG copy)> <./dspm2.png (PNG copy)> <./sae2.png (PNG copy)> <.
/sae1.png (PNG copy)>]
Underfull \hbox (badness 10000) in paragraph at lines 191--193

 []


Underfull \hbox (badness 10000) in paragraph at lines 191--193

 []


Underfull \hbox (badness 10000) in paragraph at lines 191--193

 []


Underfull \hbox (badness 10000) in paragraph at lines 191--193

 []

<dsmf.png, id=49, 421.575pt x 316.18124pt>
File: dsmf.png Graphic file (type png)
<use dsmf.png>
Package pdftex.def Info: dsmf.png  used on input line 196.
(pdftex.def)             Requested size: 312.9803pt x 234.73755pt.
<recepteur.png, id=50, 721.94719pt x 147.55125pt>
File: recepteur.png Graphic file (type png)
<use recepteur.png>
Package pdftex.def Info: recepteur.png  used on input line 206.
(pdftex.def)             Requested size: 426.79134pt x 87.22783pt.

Overfull \hbox (2.2051pt too wide) in paragraph at lines 206--207
 [][] 
 []


Underfull \hbox (badness 10000) in paragraph at lines 203--209

 []

[7 <./MF-TDMA.png (PNG copy)>]
Underfull \hbox (badness 10000) in paragraph at lines 215--217

 []

[8 <./dsmf.png (PNG copy)> <./recepteur.png>]
Underfull \hbox (badness 10000) in paragraph at lines 220--221

 []

<ripb.png, id=59, 421.575pt x 316.18124pt>
File: ripb.png Graphic file (type png)
<use ripb.png>
Package pdftex.def Info: ripb.png  used on input line 233.
(pdftex.def)             Requested size: 233.52373pt x 175.14494pt.

Overfull \hbox (21.2306pt too wide) in paragraph at lines 233--235
 [][] 
 []

<rfpb.png, id=60, 421.575pt x 316.18124pt>
File: rfpb.png Graphic file (type png)
<use rfpb.png>
Package pdftex.def Info: rfpb.png  used on input line 238.
(pdftex.def)             Requested size: 233.52373pt x 175.14494pt.

Overfull \hbox (21.2306pt too wide) in paragraph at lines 238--240
 [][] 
 []


Underfull \hbox (badness 10000) in paragraph at lines 227--243

 []


Underfull \hbox (badness 10000) in paragraph at lines 227--243

 []

<dsptdma.png, id=61, 421.575pt x 316.18124pt>
File: dsptdma.png Graphic file (type png)
<use dsptdma.png>
Package pdftex.def Info: dsptdma.png  used on input line 248.
(pdftex.def)             Requested size: 341.43306pt x 256.08127pt.

Underfull \hbox (badness 10000) in paragraph at lines 244--251

 []


Underfull \hbox (badness 10000) in paragraph at lines 255--257

 []

[9 <./ripb.png (PNG copy)> <./rfpb.png (PNG copy)>]
<riph.png, id=65, 421.575pt x 316.18124pt>
File: riph.png Graphic file (type png)
<use riph.png>
Package pdftex.def Info: riph.png  used on input line 278.
(pdftex.def)             Requested size: 233.52373pt x 175.14494pt.

Overfull \hbox (21.2306pt too wide) in paragraph at lines 278--280
 [][] 
 []

<rfph.png, id=66, 421.575pt x 316.18124pt>
File: rfph.png Graphic file (type png)
<use rfph.png>
Package pdftex.def Info: rfph.png  used on input line 283.
(pdftex.def)             Requested size: 233.52373pt x 175.14494pt.

Overfull \hbox (21.2306pt too wide) in paragraph at lines 283--285
 [][] 
 []


Underfull \hbox (badness 10000) in paragraph at lines 272--288

 []


Underfull \hbox (badness 10000) in paragraph at lines 272--288

 []


Underfull \hbox (badness 10000) in paragraph at lines 272--288

 []


Underfull \hbox (badness 10000) in paragraph at lines 272--288

 []


Underfull \hbox (badness 10000) in paragraph at lines 272--288

 []


Underfull \hbox (badness 10000) in paragraph at lines 272--288

 []


Underfull \hbox (badness 10000) in paragraph at lines 272--288

 []


Underfull \hbox (badness 10000) in paragraph at lines 272--288

 []

<dsptdmah.png, id=67, 421.575pt x 316.18124pt>
File: dsptdmah.png Graphic file (type png)
<use dsptdmah.png>
Package pdftex.def Info: dsptdmah.png  used on input line 293.
(pdftex.def)             Requested size: 341.43306pt x 256.08127pt.

Underfull \hbox (badness 10000) in paragraph at lines 288--296

 []

[10 <./dsptdma.png (PNG copy)>]
<sfpb.png, id=71, 421.575pt x 316.18124pt>
File: sfpb.png Graphic file (type png)
<use sfpb.png>
Package pdftex.def Info: sfpb.png  used on input line 304.
(pdftex.def)             Requested size: 233.52373pt x 175.14494pt.

Overfull \hbox (21.2306pt too wide) in paragraph at lines 304--306
 [][] 
 []

<sfph.png, id=72, 421.575pt x 316.18124pt>
File: sfph.png Graphic file (type png)
<use sfph.png>
Package pdftex.def Info: sfph.png  used on input line 309.
(pdftex.def)             Requested size: 233.52373pt x 175.14494pt.

Overfull \hbox (21.2306pt too wide) in paragraph at lines 309--311
 [][] 
 []


Underfull \hbox (badness 10000) in paragraph at lines 299--314

 []

[11 <./riph.png (PNG copy)> <./rfph.png (PNG copy)> <./dsptdmah.png (PNG copy)>
] [12 <./sfpb.png (PNG copy)> <./sfph.png (PNG copy)>] [13]
(./exemple_rapport.aux) ) 
Here is how much of TeX's memory you used:
 4658 strings out of 481239
 68866 string characters out of 5920377
 310629 words of memory out of 5000000
 19856 multiletter control sequences out of 15000+600000
 546543 words of font info for 61 fonts, out of 8000000 for 9000
 1141 hyphenation exceptions out of 8191
 41i,9n,42p,685b,485s stack positions out of 5000i,500n,10000p,200000b,80000s
{/usr/share/texmf/fonts/enc/dvips/cm-super/cm-super-t1
.enc}{/usr/share/texmf/fonts/enc/dvips/cm-super/cm-super-ts1.enc}</usr/share/te
xlive/texmf-dist/fonts/type1/public/amsfonts/cm/cmmi10.pfb></usr/share/texlive/
texmf-dist/fonts/type1/public/amsfonts/cm/cmmi5.pfb></usr/share/texlive/texmf-d
ist/fonts/type1/public/amsfonts/cm/cmmi7.pfb></usr/share/texlive/texmf-dist/fon
ts/type1/public/amsfonts/cm/cmr10.pfb></usr/share/texlive/texmf-dist/fonts/type
1/public/amsfonts/cm/cmr5.pfb></usr/share/texlive/texmf-dist/fonts/type1/public
/amsfonts/cm/cmr7.pfb></usr/share/texlive/texmf-dist/fonts/type1/public/amsfont
s/cm/cmsy10.pfb></usr/share/texlive/texmf-dist/fonts/type1/public/amsfonts/cm/c
msy5.pfb></usr/share/texmf/fonts/type1/public/cm-super/sfbx1000.pfb></usr/share
/texmf/fonts/type1/public/cm-super/sfbx1200.pfb></usr/share/texmf/fonts/type1/p
ublic/cm-super/sfbx1440.pfb></usr/share/texmf/fonts/type1/public/cm-super/sfbx1
728.pfb></usr/share/texmf/fonts/type1/public/cm-super/sfcc1000.pfb></usr/share/
texmf/fonts/type1/public/cm-super/sfrm1000.pfb></usr/share/texmf/fonts/type1/pu
blic/cm-super/sfrm1200.pfb></usr/share/texmf/fonts/type1/public/cm-super/sfti10
00.pfb>
Output written on exemple_rapport.pdf (13 pages, 468886 bytes).
PDF statistics:
 138 PDF objects out of 1000 (max. 8388607)
 84 compressed objects within 1 object stream
 0 named destinations out of 1000 (max. 500000)
 96 words of extra memory for PDF output out of 10000 (max. 10000000)

